<?xml version="1.0" encoding="UTF-8"?>
<!-- Generated by org.testng.reporters.JUnitXMLReporter -->
<testsuite hostname="Tania-PC" ignored="0" name="Test" tests="3" failures="0" timestamp="2022-10-01T21:20:59 IST" time="26.649" errors="0">
  <testcase name="url" time="11.369" classname="JenkinsTest.Windowshandling"/>
  <testcase name="login" time="1.456" classname="JenkinsTest.Windowshandling"/>
  <testcase name="newPage" time="13.761" classname="JenkinsTest.Windowshandling"/>
</testsuite> <!-- Test -->
