<?xml version="1.0" encoding="UTF-8"?>
<!-- Generated by org.testng.reporters.JUnitXMLReporter -->
<testsuite hostname="Tania-PC" ignored="0" name="Default test" tests="4" failures="0" timestamp="2022-09-25T15:49:24 IST" time="26.89" errors="0">
  <testcase name="url" time="10.07" classname="newTask.Windowshandling"/>
  <testcase name="login" time="1.369" classname="newTask.Windowshandling"/>
  <testcase name="newPage" time="14.926" classname="newTask.Windowshandling"/>
  <testcase name="close" time="0.452" classname="newTask.Windowshandling"/>
</testsuite> <!-- Default test -->
